<?xml version="1.0" encoding="UTF-8"?>
<TestRun id="1c6c9b62-31f2-471e-b976-7f0a9a17ed8a" name="ACALCAGNO@MDS-1163 2013-08-28 22:20:52" runUser="SDS_DOMAIN_1\ACALCAGNO" xmlns="http://microsoft.com/schemas/VisualStudio/TeamTest/2010">
  <TestSettings name="Local" id="f84bc704-55e3-45b5-9b63-430cb4fff755">
    <Description>Esta es la configuración de pruebas predeterminada para una ejecución de pruebas local.</Description>
    <Deployment enabled="false" runDeploymentRoot="ACALCAGNO_MDS-1163 2013-08-28 22_20_52" />
    <Execution>
      <TestTypeSpecific />
      <AgentRule name="Execution Agents">
      </AgentRule>
    </Execution>
  </TestSettings>
  <Times creation="2013-08-28T22:20:52.4635046-03:00" queuing="2013-08-28T22:20:52.4705053-03:00" start="2013-08-28T22:20:52.4765059-03:00" finish="2013-08-28T22:20:52.8675450-03:00" />
  <ResultSummary outcome="Failed">
    <Counters total="1" executed="1" error="0" failed="1" timeout="0" aborted="0" inconclusive="0" passedButRunAborted="0" notRunnable="0" notExecuted="0" disconnected="0" warning="0" passed="0" completed="0" inProgress="0" pending="0" />
  </ResultSummary>
  <TestDefinitions>
    <UnitTest name="deberia_poder_abrir_una_imagen_tiff_y_guardarla_en_png_8_bits" storage="c:\repositorio\javier\asistentedeescaneodelegajos\testasistentedeescaneodelegajos\bin\debug\testasistentedeescaneodelegajos.dll" id="310fb3de-2dbb-5784-25a5-936a4c6d8ab4">
      <Execution id="a5a73d24-4712-47a0-b35f-b48528017aff" />
      <TestMethod codeBase="C:/Repositorio/Javier/AsistenteDeEscaneoDeLegajos/TestAsistenteDeEscaneoDeLegajos/bin/Debug/TestAsistenteDeEscaneoDeLegajos.DLL" adapterTypeName="Microsoft.VisualStudio.TestTools.TestTypes.Unit.UnitTestAdapter, Microsoft.VisualStudio.QualityTools.Tips.UnitTest.Adapter, Version=10.0.0.0, Culture=neutral, PublicKeyToken=b03f5f7f11d50a3a" className="TestAsistenteDeEscaneoDeLegajos.TestManipulacionDeImagenes, TestAsistenteDeEscaneoDeLegajos, Version=1.0.0.0, Culture=neutral, PublicKeyToken=null" name="deberia_poder_abrir_una_imagen_tiff_y_guardarla_en_png_8_bits" />
    </UnitTest>
  </TestDefinitions>
  <TestLists>
    <TestList name="Resultados que no están en la lista" id="8c84fa94-04c1-424b-9868-57a2d4851a1d" />
    <TestList name="Todos los resultados cargados" id="19431567-8539-422a-85d7-44ee4e166bda" />
  </TestLists>
  <TestEntries>
    <TestEntry testId="310fb3de-2dbb-5784-25a5-936a4c6d8ab4" executionId="a5a73d24-4712-47a0-b35f-b48528017aff" testListId="8c84fa94-04c1-424b-9868-57a2d4851a1d" />
  </TestEntries>
  <Results>
    <UnitTestResult executionId="a5a73d24-4712-47a0-b35f-b48528017aff" testId="310fb3de-2dbb-5784-25a5-936a4c6d8ab4" testName="deberia_poder_abrir_una_imagen_tiff_y_guardarla_en_png_8_bits" computerName="MDS-1163" duration="00:00:00.0519008" startTime="2013-08-28T22:20:52.4805063-03:00" endTime="2013-08-28T22:20:52.8495432-03:00" testType="13cdc9d9-ddb5-4fa4-a97d-d965ccfc6d4b" outcome="Failed" testListId="8c84fa94-04c1-424b-9868-57a2d4851a1d" relativeResultsDirectory="a5a73d24-4712-47a0-b35f-b48528017aff">
      <Output>
        <ErrorInfo>
          <Message>El método de prueba TestAsistenteDeEscaneoDeLegajos.TestManipulacionDeImagenes.deberia_poder_abrir_una_imagen_tiff_y_guardarla_en_png_8_bits produjo la excepción: 
System.Runtime.InteropServices.ExternalException: Error genérico en GDI+.</Message>
          <StackTrace>    en System.Drawing.Image.Save(String filename, ImageCodecInfo encoder, EncoderParameters encoderParams)
   en System.Drawing.Image.Save(String filename, ImageFormat format)
   en System.Drawing.Image.Save(String filename)
   en TestAsistenteDeEscaneoDeLegajos.TestManipulacionDeImagenes.deberia_poder_abrir_una_imagen_tiff_y_guardarla_en_png_8_bits() en C:\Repositorio\Javier\AsistenteDeEscaneoDeLegajos\TestAsistenteDeEscaneoDeLegajos\TestManipulacionDeImagenes.cs:línea 29
</StackTrace>
        </ErrorInfo>
      </Output>
    </UnitTestResult>
  </Results>
</TestRun>